<?xml version="1.0" encoding="UTF-8"?>
<!-- Generated by org.testng.reporters.JUnitReportReporter -->
<testsuite hostname="DESKTOP-IP7TE20" failures="0" tests="4" name="api.test.UserTests" time="18.416" errors="0" timestamp="2025-06-17T10:01:48 IST" skipped="0">
  <testcase classname="api.test.UserTests" name="testPostUser" time="8.384"/>
  <testcase classname="api.test.UserTests" name="testGetUserByName" time="2.328"/>
  <testcase classname="api.test.UserTests" name="testUpdateUserByName" time="4.527"/>
  <testcase classname="api.test.UserTests" name="testDeleteUserByName" time="3.177"/>
</testsuite> <!-- api.test.UserTests -->
