<?xml version="1.0" encoding="UTF-8"?>
<!-- Generated by org.testng.reporters.JUnitReportReporter -->
<testsuite hostname="DESKTOP-IP7TE20" failures="0" tests="6" name="api.test.DDTests" time="6.971" errors="0" timestamp="2025-06-17T01:35:05 IST" skipped="0">
  <testcase classname="api.test.DDTests" name="testPostUser" time="1.211"/>
  <testcase classname="api.test.DDTests" name="testPostUser" time="1.208"/>
  <testcase classname="api.test.DDTests" name="testPostUser" time="1.138"/>
  <testcase classname="api.test.DDTests" name="testDeleteUserByName" time="1.111"/>
  <testcase classname="api.test.DDTests" name="testDeleteUserByName" time="1.200"/>
  <testcase classname="api.test.DDTests" name="testDeleteUserByName" time="1.103"/>
</testsuite> <!-- api.test.DDTests -->
