<?xml version="1.0" encoding="UTF-8"?>
<!-- Generated by org.testng.reporters.JUnitReportReporter -->
<testsuite hostname="DESKTOP-IP7TE20" failures="0" tests="4" name="api.test.UserTests2" time="10.025" errors="0" timestamp="2025-06-17T08:45:21 IST" skipped="0">
  <testcase classname="api.test.UserTests2" name="testPostUser" time="5.275"/>
  <testcase classname="api.test.UserTests2" name="testGetUserByName" time="1.262"/>
  <testcase classname="api.test.UserTests2" name="testUpdateUserByName" time="2.286"/>
  <testcase classname="api.test.UserTests2" name="testDeleteUserByName" time="1.202"/>
</testsuite> <!-- api.test.UserTests2 -->
