<?xml version="1.0" encoding="UTF-8"?>
<!-- Generated by org.testng.reporters.JUnitReportReporter -->
<testsuite hostname="DESKTOP-IP7TE20" failures="0" tests="1" name="api.utilities.DataProviders" time="0.017" errors="0" timestamp="2025-06-16T21:48:35 IST" skipped="0">
  <testcase classname="api.utilities.DataProviders" name="getArray" time="0.017"/>
</testsuite> <!-- api.utilities.DataProviders -->
